
=== Wed Mar 30 17:56:13 2022

Packages were changed.
Update Mode: updateDependencies

The following packages were added:
  com.unity.2d.sprite@1.0.0
  com.unity.2d.tilemap@1.0.0
  com.unity.ads@3.7.5
  com.unity.analytics@3.6.12
  com.unity.purchasing@4.1.2
  com.unity.xr.legacyinputhelpers@2.1.8

=== Mon Apr 11 09:14:44 2022

Packages were changed.
Update Mode: updateDependencies

The following packages were updated:
  com.unity.collab-proxy from version 1.15.12 to 1.15.15
  com.unity.ide.vscode from version 1.2.4 to 1.2.5
  com.unity.purchasing from version 4.1.2 to 4.1.3
  com.unity.test-framework from version 1.1.29 to 1.1.31

=== Mon May 30 16:24:22 2022

Packages were changed.
Update Mode: updateDependencies

The following packages were updated:
  com.unity.timeline from version 1.4.8 to 1.5.6
  com.unity.xr.windowsmr from version 4.6.2 to 5.3.0
